<?xml version="1.0" encoding="UTF-8" standalone="no"?>
<testsuite errors="0" failures="10" name="io.cucumber.core.plugin.JUnitFormatter" skipped="0" tests="12" time="189.026">
<testcase classname="Feature to test product stock in Amazon" name="Verify stock in Amazon for - PlayStation 4" time="14.155">
<system-out><![CDATA[Given Browser is open - Amazon..............................................passed
And User enters Amazon homepage.............................................passed
When User inputs a PlayStation 4 in Amazon search box.......................passed
And User clicks Amazon search button........................................passed
And User is on Amazon PlayStation 4 results page............................passed
And User clicks Amazon PlayStation 4 link...................................passed
Then User verifies PlayStation 4 stock in Amazon............................passed
]]></system-out>
</testcase>
<testcase classname="Feature to test product stock in Amazon" name="Verify stock in Amazon for - PlayStation 5" time="13.403">
<failure message="" type="java.lang.AssertionError"><![CDATA[Given Browser is open - Amazon..............................................passed
And User enters Amazon homepage.............................................passed
When User inputs a PlayStation 5 in Amazon search box.......................passed
And User clicks Amazon search button........................................passed
And User is on Amazon PlayStation 5 results page............................passed
And User clicks Amazon PlayStation 5 link...................................passed
Then User verifies PlayStation 5 stock in Amazon............................failed

StackTrace:
java.lang.AssertionError
	at org.junit.Assert.fail(Assert.java:87)
	at org.junit.Assert.fail(Assert.java:96)
	at StepDefinitions.AmazonSteps.verify_product_is_in_stock(AmazonSteps.java:132)
	at ✽.User verifies PlayStation 5 stock in Amazon(file:///C:/Users/David/eclipse-workspace/ConsoleStockTracker/src/test/resources/Features/Amazon.feature:11)
]]></failure>
</testcase>
<testcase classname="Feature to test product stock in Amazon" name="Verify stock in Amazon for - PlayStation 5 Digital Edition" time="19.753">
<failure message="chrome not reachable&#10;  (Session info: chrome=87.0.4280.88)&#10;Build info: version: '4.0.0-alpha-5', revision: 'b3a0d621cc'&#10;System info: host: 'DAVID-PC', ip: '192.168.2.10', os.name: 'Windows 10', os.arch: 'amd64', os.version: '10.0', java.version: '1.8.0_261'&#10;Driver info: org.openqa.selenium.chrome.ChromeDriver&#10;Capabilities {acceptInsecureCerts: false, browserName: chrome, browserVersion: 87.0.4280.88, chrome: {chromedriverVersion: 87.0.4280.88 (89e2380a3e36c..., userDataDir: C:\Users\David\AppData\Loca...}, goog:chromeOptions: {debuggerAddress: localhost:62786}, javascriptEnabled: true, networkConnectionEnabled: false, pageLoadStrategy: normal, platform: WINDOWS, platformName: WINDOWS, proxy: Proxy(), setWindowRect: true, strictFileInteractability: false, timeouts: {implicit: 0, pageLoad: 300000, script: 30000}, unhandledPromptBehavior: dismiss and notify, webauthn:virtualAuthenticators: true}&#10;Session ID: 91bd899ab4ac57889040465561627469" type="org.openqa.selenium.WebDriverException"><![CDATA[Given Browser is open - Amazon..............................................passed
And User enters Amazon homepage.............................................passed
When User inputs a PlayStation 5 Digital Edition in Amazon search box.......passed
And User clicks Amazon search button........................................passed
And User is on Amazon PlayStation 5 Digital Edition results page............failed
And User clicks Amazon PlayStation 5 Digital Edition link...................skipped
Then User verifies PlayStation 5 Digital Edition stock in Amazon............skipped

StackTrace:
org.openqa.selenium.WebDriverException: chrome not reachable
  (Session info: chrome=87.0.4280.88)
Build info: version: '4.0.0-alpha-5', revision: 'b3a0d621cc'
System info: host: 'DAVID-PC', ip: '192.168.2.10', os.name: 'Windows 10', os.arch: 'amd64', os.version: '10.0', java.version: '1.8.0_261'
Driver info: org.openqa.selenium.chrome.ChromeDriver
Capabilities {acceptInsecureCerts: false, browserName: chrome, browserVersion: 87.0.4280.88, chrome: {chromedriverVersion: 87.0.4280.88 (89e2380a3e36c..., userDataDir: C:\Users\David\AppData\Loca...}, goog:chromeOptions: {debuggerAddress: localhost:62786}, javascriptEnabled: true, networkConnectionEnabled: false, pageLoadStrategy: normal, platform: WINDOWS, platformName: WINDOWS, proxy: Proxy(), setWindowRect: true, strictFileInteractability: false, timeouts: {implicit: 0, pageLoad: 300000, script: 30000}, unhandledPromptBehavior: dismiss and notify, webauthn:virtualAuthenticators: true}
Session ID: 91bd899ab4ac57889040465561627469
	at sun.reflect.NativeConstructorAccessorImpl.newInstance0(Native Method)
	at sun.reflect.NativeConstructorAccessorImpl.newInstance(Unknown Source)
	at sun.reflect.DelegatingConstructorAccessorImpl.newInstance(Unknown Source)
	at java.lang.reflect.Constructor.newInstance(Unknown Source)
	at org.openqa.selenium.remote.codec.w3c.W3CHttpResponseCodec.createException(W3CHttpResponseCodec.java:196)
	at org.openqa.selenium.remote.codec.w3c.W3CHttpResponseCodec.decode(W3CHttpResponseCodec.java:129)
	at org.openqa.selenium.remote.codec.w3c.W3CHttpResponseCodec.decode(W3CHttpResponseCodec.java:53)
	at org.openqa.selenium.remote.HttpCommandExecutor.execute(HttpCommandExecutor.java:161)
	at org.openqa.selenium.remote.service.DriverCommandExecutor.execute(DriverCommandExecutor.java:83)
	at org.openqa.selenium.remote.RemoteWebDriver.execute(RemoteWebDriver.java:582)
	at org.openqa.selenium.remote.RemoteWebDriver.execute(RemoteWebDriver.java:639)
	at org.openqa.selenium.remote.RemoteWebDriver.execute(RemoteWebDriver.java:643)
	at org.openqa.selenium.remote.RemoteWebDriver.getPageSource(RemoteWebDriver.java:463)
	at Pages.AmazonPage.verifyProductResultsPage(AmazonPage.java:41)
	at StepDefinitions.AmazonSteps.user_is_on_product_results_page(AmazonSteps.java:83)
	at ✽.User is on Amazon PlayStation 5 Digital Edition results page(file:///C:/Users/David/eclipse-workspace/ConsoleStockTracker/src/test/resources/Features/Amazon.feature:9)
]]></failure>
</testcase>
<testcase classname="Feature to test product stock in Amazon" name="Verify stock in Amazon for - Xbox One Console" time="12.277">
<system-out><![CDATA[Given Browser is open - Amazon..............................................passed
And User enters Amazon homepage.............................................passed
When User inputs a Xbox One Console in Amazon search box....................passed
And User clicks Amazon search button........................................passed
And User is on Amazon Xbox One Console results page.........................passed
And User clicks Amazon Xbox One Console link................................passed
Then User verifies Xbox One Console stock in Amazon.........................passed
]]></system-out>
</testcase>
<testcase classname="Feature to test product stock in Amazon" name="Verify stock in Amazon for - Xbox Series X" time="10.798">
<failure message="" type="java.lang.AssertionError"><![CDATA[Given Browser is open - Amazon..............................................passed
And User enters Amazon homepage.............................................passed
When User inputs a Xbox Series X in Amazon search box.......................passed
And User clicks Amazon search button........................................passed
And User is on Amazon Xbox Series X results page............................passed
And User clicks Amazon Xbox Series X link...................................passed
Then User verifies Xbox Series X stock in Amazon............................failed

StackTrace:
java.lang.AssertionError
	at org.junit.Assert.fail(Assert.java:87)
	at org.junit.Assert.fail(Assert.java:96)
	at StepDefinitions.AmazonSteps.verify_product_is_in_stock(AmazonSteps.java:132)
	at ✽.User verifies Xbox Series X stock in Amazon(file:///C:/Users/David/eclipse-workspace/ConsoleStockTracker/src/test/resources/Features/Amazon.feature:11)
]]></failure>
</testcase>
<testcase classname="Feature to test product stock in Amazon" name="Verify stock in Amazon for - Xbox Series S" time="11.422">
<failure message="" type="java.lang.AssertionError"><![CDATA[Given Browser is open - Amazon..............................................passed
And User enters Amazon homepage.............................................passed
When User inputs a Xbox Series S in Amazon search box.......................passed
And User clicks Amazon search button........................................passed
And User is on Amazon Xbox Series S results page............................passed
And User clicks Amazon Xbox Series S link...................................passed
Then User verifies Xbox Series S stock in Amazon............................failed

StackTrace:
java.lang.AssertionError
	at org.junit.Assert.fail(Assert.java:87)
	at org.junit.Assert.fail(Assert.java:96)
	at StepDefinitions.AmazonSteps.verify_product_is_in_stock(AmazonSteps.java:132)
	at ✽.User verifies Xbox Series S stock in Amazon(file:///C:/Users/David/eclipse-workspace/ConsoleStockTracker/src/test/resources/Features/Amazon.feature:11)
]]></failure>
</testcase>
<testcase classname="Feature to test product stock in BestBuy" name="Verify stock in BestBuy for - PlayStation 4" time="15.861">
<failure message="" type="java.lang.AssertionError"><![CDATA[Given Browser is open - BestBuy.............................................passed
And User enters BestBuy homepage............................................passed
When User inputs a PlayStation 4 in BestBuy search box......................passed
And User clicks BestBuy search button.......................................passed
And User clicks BestBuy PlayStation 4 link..................................passed
Then User verifies PlayStation 4 stock in BestBuy...........................failed

StackTrace:
java.lang.AssertionError
	at org.junit.Assert.fail(Assert.java:87)
	at org.junit.Assert.fail(Assert.java:96)
	at StepDefinitions.BestBuySteps.confirm_product_is_in_stock(BestBuySteps.java:110)
	at ✽.User verifies PlayStation 4 stock in BestBuy(file:///C:/Users/David/eclipse-workspace/ConsoleStockTracker/src/test/resources/Features/BestBuy.feature:11)
]]></failure>
</testcase>
<testcase classname="Feature to test product stock in BestBuy" name="Verify stock in BestBuy for - PlayStation 5" time="16.702">
<failure message="" type="java.lang.AssertionError"><![CDATA[Given Browser is open - BestBuy.............................................passed
And User enters BestBuy homepage............................................passed
When User inputs a PlayStation 5 in BestBuy search box......................passed
And User clicks BestBuy search button.......................................passed
And User clicks BestBuy PlayStation 5 link..................................passed
Then User verifies PlayStation 5 stock in BestBuy...........................failed

StackTrace:
java.lang.AssertionError
	at org.junit.Assert.fail(Assert.java:87)
	at org.junit.Assert.fail(Assert.java:96)
	at StepDefinitions.BestBuySteps.confirm_product_is_in_stock(BestBuySteps.java:110)
	at ✽.User verifies PlayStation 5 stock in BestBuy(file:///C:/Users/David/eclipse-workspace/ConsoleStockTracker/src/test/resources/Features/BestBuy.feature:11)
]]></failure>
</testcase>
<testcase classname="Feature to test product stock in BestBuy" name="Verify stock in BestBuy for - PlayStation 5 Digital Edition" time="16.181">
<failure message="" type="java.lang.AssertionError"><![CDATA[Given Browser is open - BestBuy.............................................passed
And User enters BestBuy homepage............................................passed
When User inputs a PlayStation 5 Digital Edition in BestBuy search box......passed
And User clicks BestBuy search button.......................................passed
And User clicks BestBuy PlayStation 5 Digital Edition link..................passed
Then User verifies PlayStation 5 Digital Edition stock in BestBuy...........failed

StackTrace:
java.lang.AssertionError
	at org.junit.Assert.fail(Assert.java:87)
	at org.junit.Assert.fail(Assert.java:96)
	at StepDefinitions.BestBuySteps.confirm_product_is_in_stock(BestBuySteps.java:110)
	at ✽.User verifies PlayStation 5 Digital Edition stock in BestBuy(file:///C:/Users/David/eclipse-workspace/ConsoleStockTracker/src/test/resources/Features/BestBuy.feature:11)
]]></failure>
</testcase>
<testcase classname="Feature to test product stock in BestBuy" name="Verify stock in BestBuy for - Xbox One Console" time="16.864">
<failure message="" type="java.lang.AssertionError"><![CDATA[Given Browser is open - BestBuy.............................................passed
And User enters BestBuy homepage............................................passed
When User inputs a Xbox One Console in BestBuy search box...................passed
And User clicks BestBuy search button.......................................passed
And User clicks BestBuy Xbox One Console link...............................passed
Then User verifies Xbox One Console stock in BestBuy........................failed

StackTrace:
java.lang.AssertionError
	at org.junit.Assert.fail(Assert.java:87)
	at org.junit.Assert.fail(Assert.java:96)
	at StepDefinitions.BestBuySteps.confirm_product_is_in_stock(BestBuySteps.java:110)
	at ✽.User verifies Xbox One Console stock in BestBuy(file:///C:/Users/David/eclipse-workspace/ConsoleStockTracker/src/test/resources/Features/BestBuy.feature:11)
]]></failure>
</testcase>
<testcase classname="Feature to test product stock in BestBuy" name="Verify stock in BestBuy for - Xbox Series X" time="15.308">
<failure message="" type="java.lang.AssertionError"><![CDATA[Given Browser is open - BestBuy.............................................passed
And User enters BestBuy homepage............................................passed
When User inputs a Xbox Series X in BestBuy search box......................passed
And User clicks BestBuy search button.......................................passed
And User clicks BestBuy Xbox Series X link..................................passed
Then User verifies Xbox Series X stock in BestBuy...........................failed

StackTrace:
java.lang.AssertionError
	at org.junit.Assert.fail(Assert.java:87)
	at org.junit.Assert.fail(Assert.java:96)
	at StepDefinitions.BestBuySteps.confirm_product_is_in_stock(BestBuySteps.java:110)
	at ✽.User verifies Xbox Series X stock in BestBuy(file:///C:/Users/David/eclipse-workspace/ConsoleStockTracker/src/test/resources/Features/BestBuy.feature:11)
]]></failure>
</testcase>
<testcase classname="Feature to test product stock in BestBuy" name="Verify stock in BestBuy for - Xbox Series S" time="26.105">
<failure message="" type="java.lang.AssertionError"><![CDATA[Given Browser is open - BestBuy.............................................passed
And User enters BestBuy homepage............................................passed
When User inputs a Xbox Series S in BestBuy search box......................passed
And User clicks BestBuy search button.......................................passed
And User clicks BestBuy Xbox Series S link..................................passed
Then User verifies Xbox Series S stock in BestBuy...........................failed

StackTrace:
java.lang.AssertionError
	at org.junit.Assert.fail(Assert.java:87)
	at org.junit.Assert.fail(Assert.java:96)
	at StepDefinitions.BestBuySteps.confirm_product_is_in_stock(BestBuySteps.java:110)
	at ✽.User verifies Xbox Series S stock in BestBuy(file:///C:/Users/David/eclipse-workspace/ConsoleStockTracker/src/test/resources/Features/BestBuy.feature:11)
]]></failure>
</testcase>
</testsuite>
